Using pre-set license
Built from '2020.3/release' branch; Version is '2020.3.7f1 (dd97f2c94397) revision 14522354'; Using compiler version '192528614'; Build Type 'Release'
OS: 'Windows 10 Home; OS build 19042.1083; Version 2009; 64bit' Language: 'pt' Physical Memory: 32699 MB
BatchMode: 1, IsHumanControllingUs: 0, StartBugReporterOnCrash: 0, Is64bit: 1, IsPro: 0

 COMMAND LINE ARGUMENTS:
C:\Program Files\Unity\Hub\Editor\2020.3.7f1\Editor\Unity.exe
-adb2
-batchMode
-noUpm
-name
AssetImportWorker0
-projectPath
D:/UnityProjects/TakeTheHatOrHatRunner/Take-the-hat-or-hat-runner/TakeTheHatOrHatRunner
-logFile
Logs/AssetImportWorker0.log
-srvPort
51264
Successfully changed project path to: D:/UnityProjects/TakeTheHatOrHatRunner/Take-the-hat-or-hat-runner/TakeTheHatOrHatRunner
D:/UnityProjects/TakeTheHatOrHatRunner/Take-the-hat-or-hat-runner/TakeTheHatOrHatRunner
Using Asset Import Pipeline V2.
Refreshing native plugins compatible for Editor in 39.78 ms, found 1 plugins.
Preloading 0 native plugins for Editor in 0.00 ms.
Initialize engine version: 2020.3.7f1 (dd97f2c94397)
[Subsystems] Discovering subsystems at path C:/Program Files/Unity/Hub/Editor/2020.3.7f1/Editor/Data/Resources/UnitySubsystems
[Subsystems] Discovering subsystems at path D:/UnityProjects/TakeTheHatOrHatRunner/Take-the-hat-or-hat-runner/TakeTheHatOrHatRunner/Assets
GfxDevice: creating device client; threaded=0
Direct3D:
    Version:  Direct3D 11.0 [level 11.1]
    Renderer: NVIDIA GeForce GTX 1660 SUPER (ID=0x21c4)
    Vendor:   
    VRAM:     5991 MB
    Driver:   30.0.14.7111
Initialize mono
Mono path[0] = 'C:/Program Files/Unity/Hub/Editor/2020.3.7f1/Editor/Data/Managed'
Mono path[1] = 'C:/Program Files/Unity/Hub/Editor/2020.3.7f1/Editor/Data/MonoBleedingEdge/lib/mono/unityjit'
Mono config path = 'C:/Program Files/Unity/Hub/Editor/2020.3.7f1/Editor/Data/MonoBleedingEdge/etc'
Using monoOptions --debugger-agent=transport=dt_socket,embedding=1,server=y,suspend=n,address=127.0.0.1:56908
Begin MonoManager ReloadAssembly
Registering precompiled unity dll's ...
Register platform support module: C:/Program Files/Unity/Hub/Editor/2020.3.7f1/Editor/Data/PlaybackEngines/WebGLSupport/UnityEditor.WebGL.Extensions.dll
Register platform support module: C:/Program Files/Unity/Hub/Editor/2020.3.7f1/Editor/Data/PlaybackEngines/WindowsStandaloneSupport/UnityEditor.WindowsStandalone.Extensions.dll
Register platform support module: C:/Program Files/Unity/Hub/Editor/2020.3.7f1/Editor/Data/PlaybackEngines/LinuxStandaloneSupport/UnityEditor.LinuxStandalone.Extensions.dll
Registered in 0.002361 seconds.
Native extension for LinuxStandalone target not found
Native extension for WindowsStandalone target not found
Native extension for WebGL target not found
Refreshing native plugins compatible for Editor in 37.10 ms, found 1 plugins.
Preloading 0 native plugins for Editor in 0.00 ms.
Mono: successfully reloaded assembly
- Completed reload, in  1.572 seconds
Platform modules already initialized, skipping
Registering precompiled user dll's ...
Registered in 0.000889 seconds.
Begin MonoManager ReloadAssembly
Native extension for LinuxStandalone target not found
Native extension for WindowsStandalone target not found
Native extension for WebGL target not found
Refreshing native plugins compatible for Editor in 36.31 ms, found 1 plugins.
Preloading 0 native plugins for Editor in 0.00 ms.
Mono: successfully reloaded assembly
- Completed reload, in  0.804 seconds
Platform modules already initialized, skipping
========================================================================
Worker process is ready to serve import requests
Launched and connected shader compiler UnityShaderCompiler.exe after 0.04 seconds
Refreshing native plugins compatible for Editor in 0.50 ms, found 1 plugins.
Preloading 0 native plugins for Editor in 0.00 ms.
Unloading 2176 Unused Serialized files (Serialized files now loaded: 0)
System memory in use before: 98.2 MB.
System memory in use after: 98.1 MB.

Unloading 39 unused Assets to reduce memory usage. Loaded Objects now: 2607.
Total: 2.249600 ms (FindLiveObjects: 0.209500 ms CreateObjectMapping: 0.059200 ms MarkObjects: 1.870400 ms  DeleteObjects: 0.109800 ms)

========================================================================
Received Import Request.
  path: Assets/Settings/Notifications/CutInactivityNotification.asset
  artifactKey: Guid(c2221dfdd52cd1f45baaecc0e95a3511) Importer(815301076,1909f56bfc062723c751e8b465ee728b)
Start importing Assets/Settings/Notifications/CutInactivityNotification.asset using Guid(c2221dfdd52cd1f45baaecc0e95a3511) Importer(815301076,1909f56bfc062723c751e8b465ee728b)  -> (artifact id: 'c6fee494fb53f1c0661daf9b7178abda') in 0.048400 seconds
  Import took 0.051318 seconds .

========================================================================
Received Import Request.
  Time since last request: 11.466658 seconds.
  path: Assets/Settings/Notifications/CutInactivityNotification.asset
  artifactKey: Guid(c2221dfdd52cd1f45baaecc0e95a3511) Importer(815301076,1909f56bfc062723c751e8b465ee728b)
Start importing Assets/Settings/Notifications/CutInactivityNotification.asset using Guid(c2221dfdd52cd1f45baaecc0e95a3511) Importer(815301076,1909f56bfc062723c751e8b465ee728b)  -> (artifact id: '3a4bb24975012b77aab6378889b4df7c') in 0.002386 seconds
  Import took 0.005140 seconds .

========================================================================
Received Import Request.
  Time since last request: 0.006675 seconds.
  path: Assets/Settings/Notifications/CutInactivityNotification.asset
  artifactKey: Guid(c2221dfdd52cd1f45baaecc0e95a3511) Importer(815301076,1909f56bfc062723c751e8b465ee728b)
Start importing Assets/Settings/Notifications/CutInactivityNotification.asset using Guid(c2221dfdd52cd1f45baaecc0e95a3511) Importer(815301076,1909f56bfc062723c751e8b465ee728b)  -> (artifact id: '3a4bb24975012b77aab6378889b4df7c') in 0.002116 seconds
  Import took 0.005021 seconds .

========================================================================
Received Prepare
Registering precompiled user dll's ...
Registered in 0.001084 seconds.
Begin MonoManager ReloadAssembly
Native extension for LinuxStandalone target not found
Native extension for WindowsStandalone target not found
Native extension for WebGL target not found
Refreshing native plugins compatible for Editor in 0.51 ms, found 1 plugins.
Preloading 0 native plugins for Editor in 0.00 ms.
Mono: successfully reloaded assembly
- Completed reload, in  0.732 seconds
Platform modules already initialized, skipping
Switching build target platform(5) subTarget(0) extendedPlatform(0) -> platform(13) subTarget(537395200) extendedPlatform(0)
Refreshing native plugins compatible for Editor in 0.50 ms, found 1 plugins.
Preloading 0 native plugins for Editor in 0.00 ms.
Unloading 2174 Unused Serialized files (Serialized files now loaded: 0)
System memory in use before: 98.3 MB.
System memory in use after: 98.3 MB.

Unloading 25 unused Assets to reduce memory usage. Loaded Objects now: 2611.
Total: 2.024400 ms (FindLiveObjects: 0.198400 ms CreateObjectMapping: 0.051800 ms MarkObjects: 1.661300 ms  DeleteObjects: 0.111600 ms)

AssetImportParameters requested are different than current active one (requested -> active):
  custom:graphics/normal-map-encoding: 01000000000000000000000000000000 -> 02000000000000000000000000000000
========================================================================
Received Import Request.
  Time since last request: 76.880618 seconds.
  path: Assets/Settings/Notifications/StartNewNotificationChannelAndroid.asset
  artifactKey: Guid(529a13495255c5144b05bddbc734f4f2) Importer(815301076,1909f56bfc062723c751e8b465ee728b)
Start importing Assets/Settings/Notifications/StartNewNotificationChannelAndroid.asset using Guid(529a13495255c5144b05bddbc734f4f2) Importer(815301076,1909f56bfc062723c751e8b465ee728b)  -> (artifact id: 'cdd74f92efb2583040ecd2f025f8699b') in 0.011707 seconds
  Import took 0.014962 seconds .

========================================================================
Received Import Request.
  Time since last request: 11.465566 seconds.
  path: Assets/Settings/Notifications/Channels
  artifactKey: Guid(4da22013b23d64241b108707d59f13bd) Importer(815301076,1909f56bfc062723c751e8b465ee728b)
Start importing Assets/Settings/Notifications/Channels using Guid(4da22013b23d64241b108707d59f13bd) Importer(815301076,1909f56bfc062723c751e8b465ee728b)  -> (artifact id: 'ef9f8ddb909a0c2ec5909e9b71aaeb1d') in 0.002113 seconds
  Import took 0.005447 seconds .

========================================================================
Received Import Request.
  Time since last request: 12.961430 seconds.
  path: Assets/Settings/Notifications/NotificationsConf
  artifactKey: Guid(7ad43f284a0ca6b4381f6f2993494194) Importer(815301076,1909f56bfc062723c751e8b465ee728b)
Start importing Assets/Settings/Notifications/NotificationsConf using Guid(7ad43f284a0ca6b4381f6f2993494194) Importer(815301076,1909f56bfc062723c751e8b465ee728b)  -> (artifact id: '9f30e1b6e3bc3fd4e9951e844f7a61af') in 0.002192 seconds
  Import took 0.005429 seconds .

========================================================================
Received Import Request.
  Time since last request: 46.451516 seconds.
  path: Assets/Settings/Notifications/Channels/StartNewNotificationChannelAndroid.asset
  artifactKey: Guid(529a13495255c5144b05bddbc734f4f2) Importer(815301076,1909f56bfc062723c751e8b465ee728b)
Start importing Assets/Settings/Notifications/Channels/StartNewNotificationChannelAndroid.asset using Guid(529a13495255c5144b05bddbc734f4f2) Importer(815301076,1909f56bfc062723c751e8b465ee728b)  -> (artifact id: '9d9303c74af7868d7ca9569e504236c3') in 0.002228 seconds
  Import took 0.005096 seconds .

========================================================================
Received Import Request.
  Time since last request: 0.006837 seconds.
  path: Assets/Settings/Notifications/Channels/StartNewNotificationChannelAndroid.asset
  artifactKey: Guid(529a13495255c5144b05bddbc734f4f2) Importer(815301076,1909f56bfc062723c751e8b465ee728b)
Start importing Assets/Settings/Notifications/Channels/StartNewNotificationChannelAndroid.asset using Guid(529a13495255c5144b05bddbc734f4f2) Importer(815301076,1909f56bfc062723c751e8b465ee728b)  -> (artifact id: '9d9303c74af7868d7ca9569e504236c3') in 0.002193 seconds
  Import took 0.005012 seconds .

========================================================================
Received Import Request.
  Time since last request: 4.265895 seconds.
  path: Assets/Settings/Notifications/Channels/StartNewNotificationChannelAndroid 1.asset
  artifactKey: Guid(be00d768d25b5a245a5f9e6ff569b1d8) Importer(815301076,1909f56bfc062723c751e8b465ee728b)
Start importing Assets/Settings/Notifications/Channels/StartNewNotificationChannelAndroid 1.asset using Guid(be00d768d25b5a245a5f9e6ff569b1d8) Importer(815301076,1909f56bfc062723c751e8b465ee728b)  -> (artifact id: '0e4e1d64da9c943cd848e5f647440d92') in 0.002299 seconds
  Import took 0.005129 seconds .

========================================================================
Received Import Request.
  Time since last request: 0.010624 seconds.
  path: Assets/Settings/Notifications/Channels/StartNewNotificationChannelAndroid 1.asset
  artifactKey: Guid(be00d768d25b5a245a5f9e6ff569b1d8) Importer(815301076,1909f56bfc062723c751e8b465ee728b)
Start importing Assets/Settings/Notifications/Channels/StartNewNotificationChannelAndroid 1.asset using Guid(be00d768d25b5a245a5f9e6ff569b1d8) Importer(815301076,1909f56bfc062723c751e8b465ee728b)  -> (artifact id: '0e4e1d64da9c943cd848e5f647440d92') in 0.002210 seconds
  Import took 0.005051 seconds .

========================================================================
Received Import Request.
  Time since last request: 21.002922 seconds.
  path: Assets/Settings/Notifications/Channels/OnPauseNewNotificationChannelAndroid.asset
  artifactKey: Guid(be00d768d25b5a245a5f9e6ff569b1d8) Importer(815301076,1909f56bfc062723c751e8b465ee728b)
Start importing Assets/Settings/Notifications/Channels/OnPauseNewNotificationChannelAndroid.asset using Guid(be00d768d25b5a245a5f9e6ff569b1d8) Importer(815301076,1909f56bfc062723c751e8b465ee728b)  -> (artifact id: '1b5e1e5e9f241fb471a61eb92a22012f') in 0.002567 seconds
  Import took 0.013849 seconds .

========================================================================
Received Import Request.
  Time since last request: 0.001868 seconds.
  path: Assets/Settings/Notifications/Channels/OnPauseNewNotificationChannelAndroid.asset
  artifactKey: Guid(be00d768d25b5a245a5f9e6ff569b1d8) Importer(815301076,1909f56bfc062723c751e8b465ee728b)
Start importing Assets/Settings/Notifications/Channels/OnPauseNewNotificationChannelAndroid.asset using Guid(be00d768d25b5a245a5f9e6ff569b1d8) Importer(815301076,1909f56bfc062723c751e8b465ee728b)  -> (artifact id: '1b5e1e5e9f241fb471a61eb92a22012f') in 0.002188 seconds
  Import took 0.005108 seconds .

========================================================================
Received Import Request.
  Time since last request: 35.974982 seconds.
  path: Assets/Settings/Notifications/Channels/OnPauseNewNotificationChannelAndroid.asset
  artifactKey: Guid(be00d768d25b5a245a5f9e6ff569b1d8) Importer(815301076,1909f56bfc062723c751e8b465ee728b)
Start importing Assets/Settings/Notifications/Channels/OnPauseNewNotificationChannelAndroid.asset using Guid(be00d768d25b5a245a5f9e6ff569b1d8) Importer(815301076,1909f56bfc062723c751e8b465ee728b)  -> (artifact id: '69b866fd20529f396c2f0033c454252e') in 0.002566 seconds
  Import took 0.005583 seconds .

========================================================================
Received Import Request.
  Time since last request: 0.000243 seconds.
  path: Assets/Settings/Notifications/Channels/StartNewNotificationChannelAndroid.asset
  artifactKey: Guid(529a13495255c5144b05bddbc734f4f2) Importer(815301076,1909f56bfc062723c751e8b465ee728b)
Start importing Assets/Settings/Notifications/Channels/StartNewNotificationChannelAndroid.asset using Guid(529a13495255c5144b05bddbc734f4f2) Importer(815301076,1909f56bfc062723c751e8b465ee728b)  -> (artifact id: '020aac77598ede6ce920d5a2792101f3') in 0.002072 seconds
  Import took 0.004904 seconds .

========================================================================
Received Import Request.
  Time since last request: 2.664496 seconds.
  path: Assets/Settings/Notifications/Channels/OnPauseNewNotificationChannelAndroid 1.asset
  artifactKey: Guid(e8ac1ad3526865741b3d48fa2af228f9) Importer(815301076,1909f56bfc062723c751e8b465ee728b)
Start importing Assets/Settings/Notifications/Channels/OnPauseNewNotificationChannelAndroid 1.asset using Guid(e8ac1ad3526865741b3d48fa2af228f9) Importer(815301076,1909f56bfc062723c751e8b465ee728b)  -> (artifact id: '9cd1e28e27391965bd245b8ae279cf89') in 0.002588 seconds
  Import took 0.005854 seconds .

========================================================================
Received Import Request.
  Time since last request: 0.007595 seconds.
  path: Assets/Settings/Notifications/Channels/OnPauseNewNotificationChannelAndroid 1.asset
  artifactKey: Guid(e8ac1ad3526865741b3d48fa2af228f9) Importer(815301076,1909f56bfc062723c751e8b465ee728b)
Start importing Assets/Settings/Notifications/Channels/OnPauseNewNotificationChannelAndroid 1.asset using Guid(e8ac1ad3526865741b3d48fa2af228f9) Importer(815301076,1909f56bfc062723c751e8b465ee728b)  -> (artifact id: '9cd1e28e27391965bd245b8ae279cf89') in 0.002146 seconds
  Import took 0.005377 seconds .

========================================================================
Received Import Request.
  Time since last request: 12.494887 seconds.
  path: Assets/Settings/Notifications/Channels/OnQuitNewNotificationChannelAndroid.asset
  artifactKey: Guid(e8ac1ad3526865741b3d48fa2af228f9) Importer(815301076,1909f56bfc062723c751e8b465ee728b)
Start importing Assets/Settings/Notifications/Channels/OnQuitNewNotificationChannelAndroid.asset using Guid(e8ac1ad3526865741b3d48fa2af228f9) Importer(815301076,1909f56bfc062723c751e8b465ee728b)  -> (artifact id: '1c914ae1e9ebb01691f04aa1a78e0b34') in 0.002328 seconds
  Import took 0.005335 seconds .

========================================================================
Received Import Request.
  Time since last request: 0.007477 seconds.
  path: Assets/Settings/Notifications/Channels/OnQuitNewNotificationChannelAndroid.asset
  artifactKey: Guid(e8ac1ad3526865741b3d48fa2af228f9) Importer(815301076,1909f56bfc062723c751e8b465ee728b)
Start importing Assets/Settings/Notifications/Channels/OnQuitNewNotificationChannelAndroid.asset using Guid(e8ac1ad3526865741b3d48fa2af228f9) Importer(815301076,1909f56bfc062723c751e8b465ee728b)  -> (artifact id: '1c914ae1e9ebb01691f04aa1a78e0b34') in 0.002099 seconds
  Import took 0.004973 seconds .

========================================================================
Received Import Request.
  Time since last request: 17.055508 seconds.
  path: Assets/Settings/Notifications/Channels/OnPauseNewNotificationChannelAndroid.asset
  artifactKey: Guid(be00d768d25b5a245a5f9e6ff569b1d8) Importer(815301076,1909f56bfc062723c751e8b465ee728b)
Start importing Assets/Settings/Notifications/Channels/OnPauseNewNotificationChannelAndroid.asset using Guid(be00d768d25b5a245a5f9e6ff569b1d8) Importer(815301076,1909f56bfc062723c751e8b465ee728b)  -> (artifact id: '3d86887752b249a3edfcbdc2c6800500') in 0.002368 seconds
  Import took 0.005359 seconds .

========================================================================
Received Import Request.
  Time since last request: 0.006468 seconds.
  path: Assets/Settings/Notifications/Channels/OnPauseNewNotificationChannelAndroid.asset
  artifactKey: Guid(be00d768d25b5a245a5f9e6ff569b1d8) Importer(815301076,1909f56bfc062723c751e8b465ee728b)
Start importing Assets/Settings/Notifications/Channels/OnPauseNewNotificationChannelAndroid.asset using Guid(be00d768d25b5a245a5f9e6ff569b1d8) Importer(815301076,1909f56bfc062723c751e8b465ee728b)  -> (artifact id: '3d86887752b249a3edfcbdc2c6800500') in 0.002526 seconds
  Import took 0.005590 seconds .

========================================================================
Received Import Request.
  Time since last request: 0.000208 seconds.
  path: Assets/Settings/Notifications/Channels/OnQuitNewNotificationChannelAndroid.asset
  artifactKey: Guid(e8ac1ad3526865741b3d48fa2af228f9) Importer(815301076,1909f56bfc062723c751e8b465ee728b)
Start importing Assets/Settings/Notifications/Channels/OnQuitNewNotificationChannelAndroid.asset using Guid(e8ac1ad3526865741b3d48fa2af228f9) Importer(815301076,1909f56bfc062723c751e8b465ee728b)  -> (artifact id: '2593f12f2bab75fb0c8dcd7c3836f4b3') in 0.002361 seconds
  Import took 0.017662 seconds .

========================================================================
Received Import Request.
  Time since last request: 6.079914 seconds.
  path: Assets/Settings/Notifications/Channels/OnQuitNewNotificationChannelAndroid.asset
  artifactKey: Guid(e8ac1ad3526865741b3d48fa2af228f9) Importer(815301076,1909f56bfc062723c751e8b465ee728b)
Start importing Assets/Settings/Notifications/Channels/OnQuitNewNotificationChannelAndroid.asset using Guid(e8ac1ad3526865741b3d48fa2af228f9) Importer(815301076,1909f56bfc062723c751e8b465ee728b)  -> (artifact id: 'aa70a3a94ad52ef7acaceee67cab6060') in 0.002338 seconds
  Import took 0.005442 seconds .

========================================================================
Received Import Request.
  Time since last request: 0.006537 seconds.
  path: Assets/Settings/Notifications/Channels/OnQuitNewNotificationChannelAndroid.asset
  artifactKey: Guid(e8ac1ad3526865741b3d48fa2af228f9) Importer(815301076,1909f56bfc062723c751e8b465ee728b)
Start importing Assets/Settings/Notifications/Channels/OnQuitNewNotificationChannelAndroid.asset using Guid(e8ac1ad3526865741b3d48fa2af228f9) Importer(815301076,1909f56bfc062723c751e8b465ee728b)  -> (artifact id: 'aa70a3a94ad52ef7acaceee67cab6060') in 0.002541 seconds
  Import took 0.005867 seconds .

========================================================================
Received Import Request.
  Time since last request: 63.649197 seconds.
  path: Assets/Settings/Notifications/Channels/OnPauseNewNotificationChannelAndroid 1.asset
  artifactKey: Guid(a60d167386210b441a6c7ba0357a5317) Importer(815301076,1909f56bfc062723c751e8b465ee728b)
Start importing Assets/Settings/Notifications/Channels/OnPauseNewNotificationChannelAndroid 1.asset using Guid(a60d167386210b441a6c7ba0357a5317) Importer(815301076,1909f56bfc062723c751e8b465ee728b)  -> (artifact id: 'f9035401138e0d66e81613e2f8f73b9a') in 0.002284 seconds
  Import took 0.033164 seconds .

========================================================================
Received Import Request.
  Time since last request: 14.138886 seconds.
  path: Assets/Settings/Notifications/Channels/OnFocusNewNotificationChannelAndroid.asset
  artifactKey: Guid(a60d167386210b441a6c7ba0357a5317) Importer(815301076,1909f56bfc062723c751e8b465ee728b)
Start importing Assets/Settings/Notifications/Channels/OnFocusNewNotificationChannelAndroid.asset using Guid(a60d167386210b441a6c7ba0357a5317) Importer(815301076,1909f56bfc062723c751e8b465ee728b)  -> (artifact id: '9c30e3c1e50c681adebc9c0f93a5030f') in 0.002404 seconds
  Import took 0.005268 seconds .

========================================================================
Received Import Request.
  Time since last request: 0.007145 seconds.
  path: Assets/Settings/Notifications/Channels/OnFocusNewNotificationChannelAndroid.asset
  artifactKey: Guid(a60d167386210b441a6c7ba0357a5317) Importer(815301076,1909f56bfc062723c751e8b465ee728b)
Start importing Assets/Settings/Notifications/Channels/OnFocusNewNotificationChannelAndroid.asset using Guid(a60d167386210b441a6c7ba0357a5317) Importer(815301076,1909f56bfc062723c751e8b465ee728b)  -> (artifact id: '9c30e3c1e50c681adebc9c0f93a5030f') in 0.002595 seconds
  Import took 0.005557 seconds .

========================================================================
Received Import Request.
  Time since last request: 14.102089 seconds.
  path: Assets/Settings/Notifications/Channels/OnFocusNewNotificationChannelAndroid.asset
  artifactKey: Guid(a60d167386210b441a6c7ba0357a5317) Importer(815301076,1909f56bfc062723c751e8b465ee728b)
Start importing Assets/Settings/Notifications/Channels/OnFocusNewNotificationChannelAndroid.asset using Guid(a60d167386210b441a6c7ba0357a5317) Importer(815301076,1909f56bfc062723c751e8b465ee728b)  -> (artifact id: '7b091bedbb22c10f0834a2c94fa7a68e') in 0.002251 seconds
  Import took 0.005306 seconds .

========================================================================
Received Import Request.
  Time since last request: 0.010292 seconds.
  path: Assets/Settings/Notifications/Channels/OnFocusNewNotificationChannelAndroid.asset
  artifactKey: Guid(a60d167386210b441a6c7ba0357a5317) Importer(815301076,1909f56bfc062723c751e8b465ee728b)
Start importing Assets/Settings/Notifications/Channels/OnFocusNewNotificationChannelAndroid.asset using Guid(a60d167386210b441a6c7ba0357a5317) Importer(815301076,1909f56bfc062723c751e8b465ee728b)  -> (artifact id: '7b091bedbb22c10f0834a2c94fa7a68e') in 0.003063 seconds
  Import took 0.005957 seconds .

========================================================================
Received Import Request.
  Time since last request: 25.176168 seconds.
  path: Assets/Settings/Notifications/NotificationsConf/CutInactivityNotification 1.asset
  artifactKey: Guid(adcae68731200e849811dea876dcedea) Importer(815301076,1909f56bfc062723c751e8b465ee728b)
Start importing Assets/Settings/Notifications/NotificationsConf/CutInactivityNotification 1.asset using Guid(adcae68731200e849811dea876dcedea) Importer(815301076,1909f56bfc062723c751e8b465ee728b)  -> (artifact id: '7cb6dbdaeab45b141cf5a2ea38baa585') in 0.003296 seconds
  Import took 0.006535 seconds .

========================================================================
Received Import Request.
  Time since last request: 0.010218 seconds.
  path: Assets/Settings/Notifications/NotificationsConf/CutInactivityNotification 1.asset
  artifactKey: Guid(adcae68731200e849811dea876dcedea) Importer(815301076,1909f56bfc062723c751e8b465ee728b)
Start importing Assets/Settings/Notifications/NotificationsConf/CutInactivityNotification 1.asset using Guid(adcae68731200e849811dea876dcedea) Importer(815301076,1909f56bfc062723c751e8b465ee728b)  -> (artifact id: '7cb6dbdaeab45b141cf5a2ea38baa585') in 0.002851 seconds
  Import took 0.005935 seconds .

========================================================================
Received Import Request.
  Time since last request: 4.555004 seconds.
  path: Assets/Settings/Notifications/NotificationsConf/Start.asset
  artifactKey: Guid(c2221dfdd52cd1f45baaecc0e95a3511) Importer(815301076,1909f56bfc062723c751e8b465ee728b)
Start importing Assets/Settings/Notifications/NotificationsConf/Start.asset using Guid(c2221dfdd52cd1f45baaecc0e95a3511) Importer(815301076,1909f56bfc062723c751e8b465ee728b)  -> (artifact id: '923e8c8f650c2a0a1ff61b9dad33b56d') in 0.002279 seconds
  Import took 0.005120 seconds .

========================================================================
Received Import Request.
  Time since last request: 0.009240 seconds.
  path: Assets/Settings/Notifications/NotificationsConf/Start.asset
  artifactKey: Guid(c2221dfdd52cd1f45baaecc0e95a3511) Importer(815301076,1909f56bfc062723c751e8b465ee728b)
Start importing Assets/Settings/Notifications/NotificationsConf/Start.asset using Guid(c2221dfdd52cd1f45baaecc0e95a3511) Importer(815301076,1909f56bfc062723c751e8b465ee728b)  -> (artifact id: '923e8c8f650c2a0a1ff61b9dad33b56d') in 0.002686 seconds
  Import took 0.005839 seconds .

========================================================================
Received Import Request.
  Time since last request: 36.314158 seconds.
  path: Assets/Settings/Notifications/NotificationsConf/Start.asset
  artifactKey: Guid(c2221dfdd52cd1f45baaecc0e95a3511) Importer(815301076,1909f56bfc062723c751e8b465ee728b)
Start importing Assets/Settings/Notifications/NotificationsConf/Start.asset using Guid(c2221dfdd52cd1f45baaecc0e95a3511) Importer(815301076,1909f56bfc062723c751e8b465ee728b)  -> (artifact id: '536a6ce9a46f77dae46f1f7425020a0a') in 0.003077 seconds
  Import took 0.006398 seconds .

========================================================================
Received Import Request.
  Time since last request: 0.008128 seconds.
  path: Assets/Settings/Notifications/NotificationsConf/CutInactivityNotification 1.asset
  artifactKey: Guid(adcae68731200e849811dea876dcedea) Importer(815301076,1909f56bfc062723c751e8b465ee728b)
Start importing Assets/Settings/Notifications/NotificationsConf/CutInactivityNotification 1.asset using Guid(adcae68731200e849811dea876dcedea) Importer(815301076,1909f56bfc062723c751e8b465ee728b)  -> (artifact id: 'eecbf379ae8209876404451d7438dcc9') in 0.002233 seconds
  Import took 0.005146 seconds .

========================================================================
Received Import Request.
  Time since last request: 52.633020 seconds.
  path: Assets/Settings/Notifications/NotificationsConf/Start 1.asset
  artifactKey: Guid(0f12b2ff46f40214ab08028e01e5728d) Importer(815301076,1909f56bfc062723c751e8b465ee728b)
Start importing Assets/Settings/Notifications/NotificationsConf/Start 1.asset using Guid(0f12b2ff46f40214ab08028e01e5728d) Importer(815301076,1909f56bfc062723c751e8b465ee728b)  -> (artifact id: 'ceeb403ceaf9b69a8b5d4ccf4c42f3e2') in 0.002578 seconds
  Import took 0.005861 seconds .

========================================================================
Received Import Request.
  Time since last request: 0.008512 seconds.
  path: Assets/Settings/Notifications/NotificationsConf/Start 1.asset
  artifactKey: Guid(0f12b2ff46f40214ab08028e01e5728d) Importer(815301076,1909f56bfc062723c751e8b465ee728b)
Start importing Assets/Settings/Notifications/NotificationsConf/Start 1.asset using Guid(0f12b2ff46f40214ab08028e01e5728d) Importer(815301076,1909f56bfc062723c751e8b465ee728b)  -> (artifact id: 'ceeb403ceaf9b69a8b5d4ccf4c42f3e2') in 0.002154 seconds
  Import took 0.004963 seconds .

========================================================================
Received Import Request.
  Time since last request: 5.492633 seconds.
  path: Assets/Settings/Notifications/NotificationsConf/Pause.asset
  artifactKey: Guid(0f12b2ff46f40214ab08028e01e5728d) Importer(815301076,1909f56bfc062723c751e8b465ee728b)
Start importing Assets/Settings/Notifications/NotificationsConf/Pause.asset using Guid(0f12b2ff46f40214ab08028e01e5728d) Importer(815301076,1909f56bfc062723c751e8b465ee728b)  -> (artifact id: '7456b0ff11d6d74431f1e4011064a5b2') in 0.002235 seconds
  Import took 0.004999 seconds .

========================================================================
Received Import Request.
  Time since last request: 0.009825 seconds.
  path: Assets/Settings/Notifications/NotificationsConf/Pause.asset
  artifactKey: Guid(0f12b2ff46f40214ab08028e01e5728d) Importer(815301076,1909f56bfc062723c751e8b465ee728b)
Start importing Assets/Settings/Notifications/NotificationsConf/Pause.asset using Guid(0f12b2ff46f40214ab08028e01e5728d) Importer(815301076,1909f56bfc062723c751e8b465ee728b)  -> (artifact id: '7456b0ff11d6d74431f1e4011064a5b2') in 0.002156 seconds
  Import took 0.005320 seconds .

========================================================================
Received Import Request.
  Time since last request: 31.128217 seconds.
  path: Assets/Settings/Notifications/NotificationsConf/Pause.asset
  artifactKey: Guid(0f12b2ff46f40214ab08028e01e5728d) Importer(815301076,1909f56bfc062723c751e8b465ee728b)
Start importing Assets/Settings/Notifications/NotificationsConf/Pause.asset using Guid(0f12b2ff46f40214ab08028e01e5728d) Importer(815301076,1909f56bfc062723c751e8b465ee728b)  -> (artifact id: '953896bba5f6fc9b96d8815e0f14ba5e') in 0.002152 seconds
  Import took 0.005315 seconds .

========================================================================
Received Import Request.
  Time since last request: 0.007771 seconds.
  path: Assets/Settings/Notifications/NotificationsConf/Pause.asset
  artifactKey: Guid(0f12b2ff46f40214ab08028e01e5728d) Importer(815301076,1909f56bfc062723c751e8b465ee728b)
Start importing Assets/Settings/Notifications/NotificationsConf/Pause.asset using Guid(0f12b2ff46f40214ab08028e01e5728d) Importer(815301076,1909f56bfc062723c751e8b465ee728b)  -> (artifact id: '953896bba5f6fc9b96d8815e0f14ba5e') in 0.002728 seconds
  Import took 0.006058 seconds .

========================================================================
Received Import Request.
  Time since last request: 3.640945 seconds.
  path: Assets/Settings/Notifications/NotificationsConf/Pause 1.asset
  artifactKey: Guid(d979ec0a0d8152c438b642497caf93d8) Importer(815301076,1909f56bfc062723c751e8b465ee728b)
Start importing Assets/Settings/Notifications/NotificationsConf/Pause 1.asset using Guid(d979ec0a0d8152c438b642497caf93d8) Importer(815301076,1909f56bfc062723c751e8b465ee728b)  -> (artifact id: 'd1296538d6a826f31252f2fda2894944') in 0.002258 seconds
  Import took 0.005208 seconds .

========================================================================
Received Import Request.
  Time since last request: 0.009691 seconds.
  path: Assets/Settings/Notifications/NotificationsConf/Pause 1.asset
  artifactKey: Guid(d979ec0a0d8152c438b642497caf93d8) Importer(815301076,1909f56bfc062723c751e8b465ee728b)
Start importing Assets/Settings/Notifications/NotificationsConf/Pause 1.asset using Guid(d979ec0a0d8152c438b642497caf93d8) Importer(815301076,1909f56bfc062723c751e8b465ee728b)  -> (artifact id: 'd1296538d6a826f31252f2fda2894944') in 0.002388 seconds
  Import took 0.005750 seconds .

========================================================================
Received Import Request.
  Time since last request: 4.924126 seconds.
  path: Assets/Settings/Notifications/NotificationsConf/Focus.asset
  artifactKey: Guid(d979ec0a0d8152c438b642497caf93d8) Importer(815301076,1909f56bfc062723c751e8b465ee728b)
Start importing Assets/Settings/Notifications/NotificationsConf/Focus.asset using Guid(d979ec0a0d8152c438b642497caf93d8) Importer(815301076,1909f56bfc062723c751e8b465ee728b)  -> (artifact id: '68936ed304acfc6e3b3a5f9bda7e0826') in 0.002910 seconds
  Import took 0.006232 seconds .

========================================================================
Received Import Request.
  Time since last request: 0.007671 seconds.
  path: Assets/Settings/Notifications/NotificationsConf/Focus.asset
  artifactKey: Guid(d979ec0a0d8152c438b642497caf93d8) Importer(815301076,1909f56bfc062723c751e8b465ee728b)
Start importing Assets/Settings/Notifications/NotificationsConf/Focus.asset using Guid(d979ec0a0d8152c438b642497caf93d8) Importer(815301076,1909f56bfc062723c751e8b465ee728b)  -> (artifact id: '68936ed304acfc6e3b3a5f9bda7e0826') in 0.002139 seconds
  Import took 0.004989 seconds .

========================================================================
Received Import Request.
  Time since last request: 1.099006 seconds.
  path: Assets/Settings/Notifications/NotificationsConf/Focus 1.asset
  artifactKey: Guid(d4b6bbb7c5adea54e947b6b48aacb774) Importer(815301076,1909f56bfc062723c751e8b465ee728b)
Start importing Assets/Settings/Notifications/NotificationsConf/Focus 1.asset using Guid(d4b6bbb7c5adea54e947b6b48aacb774) Importer(815301076,1909f56bfc062723c751e8b465ee728b)  -> (artifact id: '28bc0e132ab5de43581c07e321fc5e7e') in 0.002362 seconds
  Import took 0.005571 seconds .

========================================================================
Received Import Request.
  Time since last request: 0.007876 seconds.
  path: Assets/Settings/Notifications/NotificationsConf/Focus 1.asset
  artifactKey: Guid(d4b6bbb7c5adea54e947b6b48aacb774) Importer(815301076,1909f56bfc062723c751e8b465ee728b)
Start importing Assets/Settings/Notifications/NotificationsConf/Focus 1.asset using Guid(d4b6bbb7c5adea54e947b6b48aacb774) Importer(815301076,1909f56bfc062723c751e8b465ee728b)  -> (artifact id: '28bc0e132ab5de43581c07e321fc5e7e') in 0.002438 seconds
  Import took 0.005404 seconds .

========================================================================
Received Import Request.
  Time since last request: 5.003791 seconds.
  path: Assets/Settings/Notifications/NotificationsConf/Quit.asset
  artifactKey: Guid(d4b6bbb7c5adea54e947b6b48aacb774) Importer(815301076,1909f56bfc062723c751e8b465ee728b)
Start importing Assets/Settings/Notifications/NotificationsConf/Quit.asset using Guid(d4b6bbb7c5adea54e947b6b48aacb774) Importer(815301076,1909f56bfc062723c751e8b465ee728b)  -> (artifact id: 'fc211a441a0b932ad084d7550c5295f1') in 0.002411 seconds
  Import took 0.005788 seconds .

========================================================================
Received Import Request.
  Time since last request: 0.008567 seconds.
  path: Assets/Settings/Notifications/NotificationsConf/Quit.asset
  artifactKey: Guid(d4b6bbb7c5adea54e947b6b48aacb774) Importer(815301076,1909f56bfc062723c751e8b465ee728b)
Start importing Assets/Settings/Notifications/NotificationsConf/Quit.asset using Guid(d4b6bbb7c5adea54e947b6b48aacb774) Importer(815301076,1909f56bfc062723c751e8b465ee728b)  -> (artifact id: 'fc211a441a0b932ad084d7550c5295f1') in 0.002344 seconds
  Import took 0.005289 seconds .

========================================================================
Received Import Request.
  Time since last request: 30.409523 seconds.
  path: Assets/Settings/Notifications/NotificationsConf/Quit.asset
  artifactKey: Guid(d4b6bbb7c5adea54e947b6b48aacb774) Importer(815301076,1909f56bfc062723c751e8b465ee728b)
Start importing Assets/Settings/Notifications/NotificationsConf/Quit.asset using Guid(d4b6bbb7c5adea54e947b6b48aacb774) Importer(815301076,1909f56bfc062723c751e8b465ee728b)  -> (artifact id: '15ca7c39062e2e9003f22492ac991b0e') in 0.002184 seconds
  Import took 0.005334 seconds .

========================================================================
Received Import Request.
  Time since last request: 0.011618 seconds.
  path: Assets/Settings/Notifications/NotificationsConf/Focus.asset
  artifactKey: Guid(d979ec0a0d8152c438b642497caf93d8) Importer(815301076,1909f56bfc062723c751e8b465ee728b)
Start importing Assets/Settings/Notifications/NotificationsConf/Focus.asset using Guid(d979ec0a0d8152c438b642497caf93d8) Importer(815301076,1909f56bfc062723c751e8b465ee728b)  -> (artifact id: '496af31156cda2a6bd06865dd4dca37c') in 0.002618 seconds
  Import took 0.005704 seconds .

========================================================================
Received Prepare
Registering precompiled user dll's ...
Registered in 0.001030 seconds.
Begin MonoManager ReloadAssembly
Native extension for LinuxStandalone target not found
Native extension for WindowsStandalone target not found
Native extension for WebGL target not found
Refreshing native plugins compatible for Editor in 0.53 ms, found 1 plugins.
Preloading 0 native plugins for Editor in 0.00 ms.
Mono: successfully reloaded assembly
- Completed reload, in  0.738 seconds
Platform modules already initialized, skipping
Switching build target platform(5) subTarget(0) extendedPlatform(0) -> platform(13) subTarget(537395200) extendedPlatform(0)
Refreshing native plugins compatible for Editor in 0.51 ms, found 1 plugins.
Preloading 0 native plugins for Editor in 0.00 ms.
Unloading 2174 Unused Serialized files (Serialized files now loaded: 0)
System memory in use before: 98.4 MB.
System memory in use after: 98.4 MB.

Unloading 25 unused Assets to reduce memory usage. Loaded Objects now: 2615.
Total: 1.960500 ms (FindLiveObjects: 0.234100 ms CreateObjectMapping: 0.052300 ms MarkObjects: 1.577600 ms  DeleteObjects: 0.095600 ms)

AssetImportParameters requested are different than current active one (requested -> active):
  custom:graphics/normal-map-encoding: 01000000000000000000000000000000 -> 02000000000000000000000000000000
========================================================================
Received Prepare
Refreshing native plugins compatible for Editor in 4.93 ms, found 1 plugins.
Preloading 0 native plugins for Editor in 0.00 ms.
Unloading 23 Unused Serialized files (Serialized files now loaded: 0)
System memory in use before: 55.2 MB.
System memory in use after: 55.2 MB.

Unloading 23 unused Assets to reduce memory usage. Loaded Objects now: 2615.
Total: 2.012100 ms (FindLiveObjects: 0.241400 ms CreateObjectMapping: 0.056500 ms MarkObjects: 1.613000 ms  DeleteObjects: 0.100200 ms)

========================================================================
Received Prepare
Registering precompiled user dll's ...
Registered in 0.001036 seconds.
Begin MonoManager ReloadAssembly
Native extension for LinuxStandalone target not found
Native extension for WindowsStandalone target not found
Native extension for WebGL target not found
Refreshing native plugins compatible for Editor in 0.52 ms, found 1 plugins.
Preloading 0 native plugins for Editor in 0.00 ms.
Mono: successfully reloaded assembly
- Completed reload, in  0.750 seconds
Platform modules already initialized, skipping
Switching build target platform(5) subTarget(0) extendedPlatform(0) -> platform(13) subTarget(537395200) extendedPlatform(0)
Refreshing native plugins compatible for Editor in 0.49 ms, found 1 plugins.
Preloading 0 native plugins for Editor in 0.00 ms.
Unloading 2174 Unused Serialized files (Serialized files now loaded: 0)
System memory in use before: 98.4 MB.
System memory in use after: 98.4 MB.

Unloading 25 unused Assets to reduce memory usage. Loaded Objects now: 2619.
Total: 2.050800 ms (FindLiveObjects: 0.215400 ms CreateObjectMapping: 0.057500 ms MarkObjects: 1.681400 ms  DeleteObjects: 0.095500 ms)

AssetImportParameters requested are different than current active one (requested -> active):
  custom:graphics/normal-map-encoding: 01000000000000000000000000000000 -> 02000000000000000000000000000000
========================================================================
Received Prepare
Registering precompiled user dll's ...
Registered in 0.000987 seconds.
Begin MonoManager ReloadAssembly
Native extension for LinuxStandalone target not found
Native extension for WindowsStandalone target not found
Native extension for WebGL target not found
Refreshing native plugins compatible for Editor in 0.52 ms, found 1 plugins.
Preloading 0 native plugins for Editor in 0.00 ms.
Mono: successfully reloaded assembly
- Completed reload, in  0.743 seconds
Platform modules already initialized, skipping
Switching build target platform(5) subTarget(0) extendedPlatform(0) -> platform(13) subTarget(537395200) extendedPlatform(0)
Refreshing native plugins compatible for Editor in 0.49 ms, found 1 plugins.
Preloading 0 native plugins for Editor in 0.00 ms.
Unloading 2174 Unused Serialized files (Serialized files now loaded: 0)
System memory in use before: 98.4 MB.
System memory in use after: 98.4 MB.

Unloading 25 unused Assets to reduce memory usage. Loaded Objects now: 2623.
Total: 1.950000 ms (FindLiveObjects: 0.204900 ms CreateObjectMapping: 0.057800 ms MarkObjects: 1.587300 ms  DeleteObjects: 0.099000 ms)

AssetImportParameters requested are different than current active one (requested -> active):
  custom:graphics/normal-map-encoding: 01000000000000000000000000000000 -> 02000000000000000000000000000000
========================================================================
Received Prepare
Refreshing native plugins compatible for Editor in 5.01 ms, found 1 plugins.
Preloading 0 native plugins for Editor in 0.00 ms.
Unloading 23 Unused Serialized files (Serialized files now loaded: 0)
System memory in use before: 55.2 MB.
System memory in use after: 55.2 MB.

Unloading 23 unused Assets to reduce memory usage. Loaded Objects now: 2623.
Total: 2.223100 ms (FindLiveObjects: 0.252100 ms CreateObjectMapping: 0.054000 ms MarkObjects: 1.797300 ms  DeleteObjects: 0.118700 ms)

========================================================================
Received Prepare
Registering precompiled user dll's ...
Registered in 0.001004 seconds.
Begin MonoManager ReloadAssembly
Native extension for LinuxStandalone target not found
Native extension for WindowsStandalone target not found
Native extension for WebGL target not found
Refreshing native plugins compatible for Editor in 0.52 ms, found 1 plugins.
Preloading 0 native plugins for Editor in 0.00 ms.
Mono: successfully reloaded assembly
- Completed reload, in  0.735 seconds
Platform modules already initialized, skipping
Switching build target platform(5) subTarget(0) extendedPlatform(0) -> platform(13) subTarget(537395200) extendedPlatform(0)
Refreshing native plugins compatible for Editor in 0.50 ms, found 1 plugins.
Preloading 0 native plugins for Editor in 0.00 ms.
Unloading 2174 Unused Serialized files (Serialized files now loaded: 0)
System memory in use before: 98.4 MB.
System memory in use after: 98.4 MB.

Unloading 25 unused Assets to reduce memory usage. Loaded Objects now: 2627.
Total: 2.044700 ms (FindLiveObjects: 0.221100 ms CreateObjectMapping: 0.058500 ms MarkObjects: 1.666400 ms  DeleteObjects: 0.097600 ms)

AssetImportParameters requested are different than current active one (requested -> active):
  custom:graphics/normal-map-encoding: 01000000000000000000000000000000 -> 02000000000000000000000000000000
AssetImportWorkerClient::OnTransportError - code=2 error=End of file
